<?xml version="1.0" encoding="UTF-8"?>
<!-- Generated by org.testng.reporters.JUnitReportReporter -->
<testsuite hostname="VINEETH" failures="0" tests="2" name="Aug20.Advance_Reports" time="8.002" errors="0" timestamp="2024-10-06T23:02:20 IST" skipped="0">
  <testcase classname="Aug20.Advance_Reports" name="secondTestcase" time="5.422"/>
  <system-out/>
  <testcase classname="Aug20.Advance_Reports" name="firsttestcase" time="2.580"/>
  <system-out/>
</testsuite> <!-- Aug20.Advance_Reports -->
