<?xml version="1.0" encoding="UTF-8"?>
<!-- Generated by org.testng.reporters.JUnitReportReporter -->
<testsuite hostname="VINEETH" failures="0" tests="2" name="Aug19.Using_property" time="41.819" errors="0" timestamp="2024-10-07T12:36:54 IST" skipped="0">
  <testcase classname="Aug19.Using_property" name="Rolecreation" time="11.604"/>
  <system-out/>
  <testcase classname="Aug19.Using_property" name="Branchcreation" time="30.215"/>
  <system-out/>
</testsuite> <!-- Aug19.Using_property -->
